<?xml version="1.0" encoding="UTF-8"?>
<!-- Generated by org.testng.reporters.JUnitReportReporter -->
<testsuite hostname="NODE420" name="com.selenium.project.SeleniumTest" tests="1" failures="0" timestamp="10 Aug 2016 11:51:02 GMT" time="14.122" errors="0">
  <testcase name="testGoogle" time="14.122" classname="com.selenium.project.SeleniumTest"/>
</testsuite> <!-- com.selenium.project.SeleniumTest -->
