<?xml version="1.0" encoding="UTF-8"?>
<!-- Generated by org.testng.reporters.JUnitReportReporter -->
<testsuite hostname="NODE420" name="com.excel.poi.ExcelTest" tests="1" failures="0" timestamp="22 Aug 2016 11:42:00 GMT" time="0.016" errors="0">
  <testcase name="test1" time="0.016" classname="com.excel.poi.ExcelTest"/>
</testsuite> <!-- com.excel.poi.ExcelTest -->
